INFO:     Started server process [10128]
INFO:     Waiting for application startup.
ERROR:    Traceback (most recent call last):
  File "C:\Users\HP\AppData\Local\Programs\Python\Python313\Lib\site-packages\starlette\routing.py", line 694, in lifespan
    async with self.lifespan_context(app) as maybe_state:
               ~~~~~~~~~~~~~~~~~~~~~^^^^^
  File "C:\Users\HP\AppData\Local\Programs\Python\Python313\Lib\site-packages\starlette\routing.py", line 571, in __aenter__
    await self._router.startup()
  File "C:\Users\HP\AppData\Local\Programs\Python\Python313\Lib\site-packages\starlette\routing.py", line 671, in startup
    await handler()
  File "D:\heloooooooo\SafeNow\backend\app.py", line 1159, in startup
    USERS, ALERTS = initialize_demo_data()
                    ~~~~~~~~~~~~~~~~~~~~^^
  File "D:\heloooooooo\SafeNow\backend\demo_data.py", line 332, in initialize_demo_data
    print("\n\u2713 Demo data initialized successfully")
    ~~~~~^^^^^^^^^^^^^^^^^^^^^^^^^^^^^^^^^^^^^^^^^^
  File "C:\Users\HP\AppData\Local\Programs\Python\Python313\Lib\encodings\cp1252.py", line 19, in encode
    return codecs.charmap_encode(input,self.errors,encoding_table)[0]
           ~~~~~~~~~~~~~~~~~~~~~^^^^^^^^^^^^^^^^^^^^^^^^^^^^^^^^^^
UnicodeEncodeError: 'charmap' codec can't encode character '\u2713' in position 2: character maps to <undefined>

ERROR:    Application startup failed. Exiting.
